<?xml version="1.0" encoding="UTF-8" standalone="no"?>
<testsuite errors="0" failures="5" name="io.cucumber.core.plugin.JUnitFormatter" skipped="0" tests="5" time="58.93">
    <testcase classname="06_TC_01_Kullanıcı bilgileri" name="&quot;firstname, lastname, email&quot; girerken doldurulan kullanıcı bilgileri olmalıdır" time="20.398">
        <failure message="expected:&lt;[]&gt; but was:&lt;[Doctor]&gt;" type="org.junit.ComparisonFailure">
            <![CDATA[Given EG Kullanici medunna.com adresine gider...............................passed
And EG Kullanici Account Menu ikonuna tiklar................................passed
And EG Kullanici sign in secenegine tiklar..................................passed
And EG Kullanici username kutusuna "DoctorEmr" girer........................passed
And EG Kullanici Password kutusuna "Asdf1!" girer...........................passed
And EG Kullanici sign in butonuna tiklar....................................passed
And EG Kullanici sag ust kosede bulunan kullanici ismine tiklar.............passed
And EG Kullanici settings secenigine tiklar.................................passed
And EG Firstname kutusundaki isim kayit olurken girilen "Doctor" olmali.....failed
And EG last name  kutusundaki soy isim kayit olurken girilen "Emr" olmali...skipped
And EG email kutusundaki mail adresi  kayit olurken girilen "asdf@gmail.com" olmali.skipped
And EG kullanici uygulamayi kapatir.........................................skipped

StackTrace:
org.junit.ComparisonFailure: expected:<[]> but was:<[Doctor]>
	at org.junit.Assert.assertEquals(Assert.java:117)
	at org.junit.Assert.assertEquals(Assert.java:146)
	at stepdefinitions.US_006.eg_firstname_kutusundaki_isim_kayit_olurken_girilen_olmali(US_006.java:61)
	at ✽.EG Firstname kutusundaki isim kayit olurken girilen "Doctor" olmali(file:///C:/Users/USER/IdeaProjects/emreMedunna/src/test/resources/features/asd.feature:14)
]]>
        </failure>
    </testcase>
    <testcase classname="06_TC_01_Kullanıcı bilgileri" name="&quot;firstname, lastname, email&quot; girerken doldurulan kullanıcı bilgileri olmalıdır 2" time="0.624">
        <failure message="stale element reference: element is not attached to the page document&#10;  (Session info: chrome=99.0.4844.84)&#10;For documentation on this error, please visit: https://selenium.dev/exceptions/#stale_element_reference&#10;Build info: version: '4.1.1', revision: 'e8fcc2cecf'&#10;System info: host: 'DESKTOP-3611VJ4', ip: '172.31.1.234', os.name: 'Windows 10', os.arch: 'amd64', os.version: '10.0', java.version: '11.0.10'&#10;Driver info: org.openqa.selenium.chrome.ChromeDriver&#10;Command: [33c1296bda4bde22e7457df9c51abf02, clickElement {id=a26ad17a-483f-47f1-bdf8-16a3c2ff4e2d}]&#10;Capabilities {acceptInsecureCerts: false, browserName: chrome, browserVersion: 99.0.4844.84, chrome: {chromedriverVersion: 99.0.4844.51 (d537ec02474b5..., userDataDir: C:\Temp\scoped_dir14480_158...}, goog:chromeOptions: {debuggerAddress: localhost:50386}, javascriptEnabled: true, networkConnectionEnabled: false, pageLoadStrategy: normal, platform: WINDOWS, platformName: WINDOWS, proxy: Proxy(), se:cdp: ws://localhost:50386/devtoo..., se:cdpVersion: 99.0.4844.84, setWindowRect: true, strictFileInteractability: false, timeouts: {implicit: 0, pageLoad: 300000, script: 30000}, unhandledPromptBehavior: dismiss and notify, webauthn:extension:credBlob: true, webauthn:extension:largeBlob: true, webauthn:virtualAuthenticators: true}&#10;Element: [[ChromeDriver: chrome on WINDOWS (33c1296bda4bde22e7457df9c51abf02)] -&gt; xpath: //span[text()='Sign in']]&#10;Session ID: 33c1296bda4bde22e7457df9c51abf02" type="org.openqa.selenium.StaleElementReferenceException">
            <![CDATA[Given EG Kullanici medunna.com adresine gider...............................passed
And EG Kullanici Account Menu ikonuna tiklar................................passed
And EG Kullanici sign in secenegine tiklar..................................failed
And EG Kullanici username kutusuna "AdminEmr" girer.........................skipped
And EG Kullanici Password kutusuna "Asdf1!" girer...........................skipped
And EG Kullanici sign in butonuna tiklar....................................skipped
And EG Kullanici sag ust kosede bulunan kullanici ismine tiklar.............skipped
And EG Kullanici settings secenigine tiklar.................................skipped
And EG Firstname kutusundaki isim kayit olurken girilen "Admin" olmali......skipped
And EG last name  kutusundaki soy isim kayit olurken girilen "Emr" olmali...skipped
And EG email kutusundaki mail adresi  kayit olurken girilen "asdfg@gmail.com" olmali.skipped
And EG kullanici uygulamayi kapatir.........................................skipped

StackTrace:
org.openqa.selenium.StaleElementReferenceException: stale element reference: element is not attached to the page document
  (Session info: chrome=99.0.4844.84)
For documentation on this error, please visit: https://selenium.dev/exceptions/#stale_element_reference
Build info: version: '4.1.1', revision: 'e8fcc2cecf'
System info: host: 'DESKTOP-3611VJ4', ip: '172.31.1.234', os.name: 'Windows 10', os.arch: 'amd64', os.version: '10.0', java.version: '11.0.10'
Driver info: org.openqa.selenium.chrome.ChromeDriver
Command: [33c1296bda4bde22e7457df9c51abf02, clickElement {id=a26ad17a-483f-47f1-bdf8-16a3c2ff4e2d}]
Capabilities {acceptInsecureCerts: false, browserName: chrome, browserVersion: 99.0.4844.84, chrome: {chromedriverVersion: 99.0.4844.51 (d537ec02474b5..., userDataDir: C:\Temp\scoped_dir14480_158...}, goog:chromeOptions: {debuggerAddress: localhost:50386}, javascriptEnabled: true, networkConnectionEnabled: false, pageLoadStrategy: normal, platform: WINDOWS, platformName: WINDOWS, proxy: Proxy(), se:cdp: ws://localhost:50386/devtoo..., se:cdpVersion: 99.0.4844.84, setWindowRect: true, strictFileInteractability: false, timeouts: {implicit: 0, pageLoad: 300000, script: 30000}, unhandledPromptBehavior: dismiss and notify, webauthn:extension:credBlob: true, webauthn:extension:largeBlob: true, webauthn:virtualAuthenticators: true}
Element: [[ChromeDriver: chrome on WINDOWS (33c1296bda4bde22e7457df9c51abf02)] -> xpath: //span[text()='Sign in']]
Session ID: 33c1296bda4bde22e7457df9c51abf02
	at java.base/jdk.internal.reflect.NativeConstructorAccessorImpl.newInstance0(Native Method)
	at java.base/jdk.internal.reflect.NativeConstructorAccessorImpl.newInstance(NativeConstructorAccessorImpl.java:62)
	at java.base/jdk.internal.reflect.DelegatingConstructorAccessorImpl.newInstance(DelegatingConstructorAccessorImpl.java:45)
	at java.base/java.lang.reflect.Constructor.newInstance(Constructor.java:490)
	at org.openqa.selenium.remote.codec.w3c.W3CHttpResponseCodec.createException(W3CHttpResponseCodec.java:200)
	at org.openqa.selenium.remote.codec.w3c.W3CHttpResponseCodec.decode(W3CHttpResponseCodec.java:133)
	at org.openqa.selenium.remote.codec.w3c.W3CHttpResponseCodec.decode(W3CHttpResponseCodec.java:53)
	at org.openqa.selenium.remote.HttpCommandExecutor.execute(HttpCommandExecutor.java:184)
	at org.openqa.selenium.remote.service.DriverCommandExecutor.invokeExecute(DriverCommandExecutor.java:167)
	at org.openqa.selenium.remote.service.DriverCommandExecutor.execute(DriverCommandExecutor.java:142)
	at org.openqa.selenium.remote.RemoteWebDriver.execute(RemoteWebDriver.java:543)
	at org.openqa.selenium.remote.RemoteWebElement.execute(RemoteWebElement.java:251)
	at org.openqa.selenium.remote.RemoteWebElement.click(RemoteWebElement.java:77)
	at java.base/jdk.internal.reflect.NativeMethodAccessorImpl.invoke0(Native Method)
	at java.base/jdk.internal.reflect.NativeMethodAccessorImpl.invoke(NativeMethodAccessorImpl.java:62)
	at java.base/jdk.internal.reflect.DelegatingMethodAccessorImpl.invoke(DelegatingMethodAccessorImpl.java:43)
	at java.base/java.lang.reflect.Method.invoke(Method.java:566)
	at org.openqa.selenium.support.pagefactory.internal.LocatingElementHandler.invoke(LocatingElementHandler.java:52)
	at com.sun.proxy.$Proxy19.click(Unknown Source)
	at stepdefinitions.US_006.eg_kullanici_sign_in_secenegine_tiklar(US_006.java:26)
	at ✽.EG Kullanici sign in secenegine tiklar(file:///C:/Users/USER/IdeaProjects/emreMedunna/src/test/resources/features/asd.feature:8)
]]>
        </failure>
    </testcase>
    <testcase classname="06_TC_01_Kullanıcı bilgileri" name="&quot;firstname, lastname, email&quot; girerken doldurulan kullanıcı bilgileri olmalıdır 3" time="13.139">
        <failure message="Unable to find element with locator By.xpath: //span[text()='Sign in']&#10;For documentation on this error, please visit: https://selenium.dev/exceptions/#no_such_element&#10;Build info: version: '4.1.1', revision: 'e8fcc2cecf'&#10;System info: host: 'DESKTOP-3611VJ4', ip: '172.31.1.234', os.name: 'Windows 10', os.arch: 'amd64', os.version: '10.0', java.version: '11.0.10'&#10;Driver info: driver.version: RemoteWebDriver" type="org.openqa.selenium.NoSuchElementException">
            <![CDATA[Given EG Kullanici medunna.com adresine gider...............................passed
And EG Kullanici Account Menu ikonuna tiklar................................passed
And EG Kullanici sign in secenegine tiklar..................................failed
And EG Kullanici username kutusuna "UserEmr" girer..........................skipped
And EG Kullanici Password kutusuna "Asdf1!" girer...........................skipped
And EG Kullanici sign in butonuna tiklar....................................skipped
And EG Kullanici sag ust kosede bulunan kullanici ismine tiklar.............skipped
And EG Kullanici settings secenigine tiklar.................................skipped
And EG Firstname kutusundaki isim kayit olurken girilen "User" olmali.......skipped
And EG last name  kutusundaki soy isim kayit olurken girilen "Emr" olmali...skipped
And EG email kutusundaki mail adresi  kayit olurken girilen "asdfgh@gmail.com" olmali.skipped
And EG kullanici uygulamayi kapatir.........................................skipped

StackTrace:
org.openqa.selenium.NoSuchElementException: Unable to find element with locator By.xpath: //span[text()='Sign in']
For documentation on this error, please visit: https://selenium.dev/exceptions/#no_such_element
Build info: version: '4.1.1', revision: 'e8fcc2cecf'
System info: host: 'DESKTOP-3611VJ4', ip: '172.31.1.234', os.name: 'Windows 10', os.arch: 'amd64', os.version: '10.0', java.version: '11.0.10'
Driver info: driver.version: RemoteWebDriver
	at org.openqa.selenium.remote.ElementLocation$ElementFinder$2.findElement(ElementLocation.java:165)
	at org.openqa.selenium.remote.ElementLocation.findElement(ElementLocation.java:60)
	at org.openqa.selenium.remote.RemoteWebDriver.findElement(RemoteWebDriver.java:367)
	at org.openqa.selenium.remote.RemoteWebDriver.findElement(RemoteWebDriver.java:359)
	at org.openqa.selenium.support.pagefactory.DefaultElementLocator.findElement(DefaultElementLocator.java:70)
	at org.openqa.selenium.support.pagefactory.internal.LocatingElementHandler.invoke(LocatingElementHandler.java:39)
	at com.sun.proxy.$Proxy19.click(Unknown Source)
	at stepdefinitions.US_006.eg_kullanici_sign_in_secenegine_tiklar(US_006.java:26)
	at ✽.EG Kullanici sign in secenegine tiklar(file:///C:/Users/USER/IdeaProjects/emreMedunna/src/test/resources/features/asd.feature:8)
]]>
        </failure>
    </testcase>
    <testcase classname="06_TC_01_Kullanıcı bilgileri" name="&quot;firstname, lastname, email&quot; girerken doldurulan kullanıcı bilgileri olmalıdır 4" time="12.193">
        <failure message="Failed to instantiate class stepdefinitions.US_006" type="io.cucumber.core.exception.CucumberException">
            <![CDATA[Given EG Kullanici medunna.com adresine gider...............................failed
And EG Kullanici Account Menu ikonuna tiklar................................skipped
And EG Kullanici sign in secenegine tiklar..................................skipped
And EG Kullanici username kutusuna "PatientEmr" girer.......................skipped
And EG Kullanici Password kutusuna "Asdf1!" girer...........................skipped
And EG Kullanici sign in butonuna tiklar....................................skipped
And EG Kullanici sag ust kosede bulunan kullanici ismine tiklar.............skipped
And EG Kullanici settings secenigine tiklar.................................skipped
And EG Firstname kutusundaki isim kayit olurken girilen "Patient" olmali....skipped
And EG last name  kutusundaki soy isim kayit olurken girilen "Emr" olmali...skipped
And EG email kutusundaki mail adresi  kayit olurken girilen "asdfg1@gmail.com" olmali.skipped
And EG kullanici uygulamayi kapatir.........................................skipped

StackTrace:
io.cucumber.core.exception.CucumberException: Failed to instantiate class stepdefinitions.US_006
	at io.cucumber.core.backend.DefaultObjectFactory.cacheNewInstance(DefaultObjectFactory.java:67)
	at io.cucumber.core.backend.DefaultObjectFactory.getInstance(DefaultObjectFactory.java:45)
	at io.cucumber.java.AbstractGlueDefinition.invokeMethod(AbstractGlueDefinition.java:47)
	at io.cucumber.java.JavaStepDefinition.execute(JavaStepDefinition.java:29)
	at io.cucumber.core.runner.CoreStepDefinition.execute(CoreStepDefinition.java:66)
	at io.cucumber.core.runner.PickleStepDefinitionMatch.runStep(PickleStepDefinitionMatch.java:63)
	at io.cucumber.core.runner.ExecutionMode$1.execute(ExecutionMode.java:10)
	at io.cucumber.core.runner.TestStep.executeStep(TestStep.java:86)
	at io.cucumber.core.runner.TestStep.run(TestStep.java:57)
	at io.cucumber.core.runner.PickleStepTestStep.run(PickleStepTestStep.java:51)
	at io.cucumber.core.runner.TestCase.run(TestCase.java:95)
	at io.cucumber.core.runner.Runner.runPickle(Runner.java:75)
	at io.cucumber.junit.PickleRunners$NoStepDescriptions.lambda$run$0(PickleRunners.java:151)
	at io.cucumber.core.runtime.CucumberExecutionContext.lambda$runTestCase$3(CucumberExecutionContext.java:151)
	at io.cucumber.core.runtime.RethrowingThrowableCollector.executeAndThrow(RethrowingThrowableCollector.java:23)
	at io.cucumber.core.runtime.CucumberExecutionContext.runTestCase(CucumberExecutionContext.java:151)
	at io.cucumber.junit.PickleRunners$NoStepDescriptions.run(PickleRunners.java:148)
	at io.cucumber.junit.FeatureRunner.runChild(FeatureRunner.java:144)
	at io.cucumber.junit.FeatureRunner.runChild(FeatureRunner.java:28)
	at org.junit.runners.ParentRunner$4.run(ParentRunner.java:331)
	at org.junit.runners.ParentRunner$1.schedule(ParentRunner.java:79)
	at org.junit.runners.ParentRunner.runChildren(ParentRunner.java:329)
	at org.junit.runners.ParentRunner.access$100(ParentRunner.java:66)
	at org.junit.runners.ParentRunner$2.evaluate(ParentRunner.java:293)
	at org.junit.runners.ParentRunner$3.evaluate(ParentRunner.java:306)
	at org.junit.runners.ParentRunner.run(ParentRunner.java:413)
	at io.cucumber.junit.FeatureRunner.run(FeatureRunner.java:137)
	at io.cucumber.junit.Cucumber.runChild(Cucumber.java:196)
	at io.cucumber.junit.Cucumber.runChild(Cucumber.java:89)
	at org.junit.runners.ParentRunner$4.run(ParentRunner.java:331)
	at org.junit.runners.ParentRunner$1.schedule(ParentRunner.java:79)
	at org.junit.runners.ParentRunner.runChildren(ParentRunner.java:329)
	at org.junit.runners.ParentRunner.access$100(ParentRunner.java:66)
	at org.junit.runners.ParentRunner$2.evaluate(ParentRunner.java:293)
	at io.cucumber.junit.Cucumber$RunBeforeAllHooks.evaluate(Cucumber.java:266)
	at io.cucumber.junit.Cucumber$RunAfterAllHooks.evaluate(Cucumber.java:281)
	at io.cucumber.junit.Cucumber$StartTestRun.evaluate(Cucumber.java:233)
	at io.cucumber.junit.Cucumber$FinishTestRun.evaluate(Cucumber.java:248)
	at org.junit.runners.ParentRunner$3.evaluate(ParentRunner.java:306)
	at org.junit.runners.ParentRunner.run(ParentRunner.java:413)
	at org.junit.runner.JUnitCore.run(JUnitCore.java:137)
	at com.intellij.junit4.JUnit4IdeaTestRunner.startRunnerWithArgs(JUnit4IdeaTestRunner.java:69)
	at com.intellij.rt.junit.IdeaTestRunner$Repeater.startRunnerWithArgs(IdeaTestRunner.java:33)
	at com.intellij.rt.junit.JUnitStarter.prepareStreamsAndStart(JUnitStarter.java:221)
	at com.intellij.rt.junit.JUnitStarter.main(JUnitStarter.java:54)
Caused by: java.lang.reflect.InvocationTargetException
	at java.base/jdk.internal.reflect.NativeConstructorAccessorImpl.newInstance0(Native Method)
	at java.base/jdk.internal.reflect.NativeConstructorAccessorImpl.newInstance(NativeConstructorAccessorImpl.java:62)
	at java.base/jdk.internal.reflect.DelegatingConstructorAccessorImpl.newInstance(DelegatingConstructorAccessorImpl.java:45)
	at java.base/java.lang.reflect.Constructor.newInstance(Constructor.java:490)
	at io.cucumber.core.backend.DefaultObjectFactory.cacheNewInstance(DefaultObjectFactory.java:53)
	... 44 more
Caused by: org.openqa.selenium.WebDriverException: chrome not reachable
  (Session info: chrome=99.0.4844.84)
Build info: version: '4.1.1', revision: 'e8fcc2cecf'
System info: host: 'DESKTOP-3611VJ4', ip: '172.31.1.234', os.name: 'Windows 10', os.arch: 'amd64', os.version: '10.0', java.version: '11.0.10'
Driver info: org.openqa.selenium.chrome.ChromeDriver
Command: [33c1296bda4bde22e7457df9c51abf02, maximizeCurrentWindow {}]
Capabilities {acceptInsecureCerts: false, browserName: chrome, browserVersion: 99.0.4844.84, chrome: {chromedriverVersion: 99.0.4844.51 (d537ec02474b5..., userDataDir: C:\Temp\scoped_dir14480_158...}, goog:chromeOptions: {debuggerAddress: localhost:50386}, javascriptEnabled: true, networkConnectionEnabled: false, pageLoadStrategy: normal, platform: WINDOWS, platformName: WINDOWS, proxy: Proxy(), se:cdp: ws://localhost:50386/devtoo..., se:cdpVersion: 99.0.4844.84, setWindowRect: true, strictFileInteractability: false, timeouts: {implicit: 0, pageLoad: 300000, script: 30000}, unhandledPromptBehavior: dismiss and notify, webauthn:extension:credBlob: true, webauthn:extension:largeBlob: true, webauthn:virtualAuthenticators: true}
Session ID: 33c1296bda4bde22e7457df9c51abf02
	at java.base/jdk.internal.reflect.NativeConstructorAccessorImpl.newInstance0(Native Method)
	at java.base/jdk.internal.reflect.NativeConstructorAccessorImpl.newInstance(NativeConstructorAccessorImpl.java:62)
	at java.base/jdk.internal.reflect.DelegatingConstructorAccessorImpl.newInstance(DelegatingConstructorAccessorImpl.java:45)
	at java.base/java.lang.reflect.Constructor.newInstance(Constructor.java:490)
	at org.openqa.selenium.remote.codec.w3c.W3CHttpResponseCodec.createException(W3CHttpResponseCodec.java:200)
	at org.openqa.selenium.remote.codec.w3c.W3CHttpResponseCodec.decode(W3CHttpResponseCodec.java:133)
	at org.openqa.selenium.remote.codec.w3c.W3CHttpResponseCodec.decode(W3CHttpResponseCodec.java:53)
	at org.openqa.selenium.remote.HttpCommandExecutor.execute(HttpCommandExecutor.java:184)
	at org.openqa.selenium.remote.service.DriverCommandExecutor.invokeExecute(DriverCommandExecutor.java:167)
	at org.openqa.selenium.remote.service.DriverCommandExecutor.execute(DriverCommandExecutor.java:142)
	at org.openqa.selenium.remote.RemoteWebDriver.execute(RemoteWebDriver.java:543)
	at org.openqa.selenium.remote.RemoteWebDriver.execute(RemoteWebDriver.java:598)
	at org.openqa.selenium.remote.RemoteWebDriver.execute(RemoteWebDriver.java:602)
	at org.openqa.selenium.remote.RemoteWebDriver$RemoteWebDriverOptions$RemoteWindow.maximize(RemoteWebDriver.java:969)
	at utilities.Driver.getDriver(Driver.java:67)
	at pages.EmrePage.<init>(EmrePage.java:13)
	at stepdefinitions.US_006.<init>(US_006.java:11)
	... 49 more
]]>
        </failure>
    </testcase>
    <testcase classname="06_TC_01_Kullanıcı bilgileri" name="&quot;firstname, lastname, email&quot; girerken doldurulan kullanıcı bilgileri olmalıdır 5" time="12.165">
        <failure message="Failed to instantiate class stepdefinitions.US_006" type="io.cucumber.core.exception.CucumberException">
            <![CDATA[Given EG Kullanici medunna.com adresine gider...............................failed
And EG Kullanici Account Menu ikonuna tiklar................................skipped
And EG Kullanici sign in secenegine tiklar..................................skipped
And EG Kullanici username kutusuna "StaffEmr" girer.........................skipped
And EG Kullanici Password kutusuna "Asdf1!" girer...........................skipped
And EG Kullanici sign in butonuna tiklar....................................skipped
And EG Kullanici sag ust kosede bulunan kullanici ismine tiklar.............skipped
And EG Kullanici settings secenigine tiklar.................................skipped
And EG Firstname kutusundaki isim kayit olurken girilen "Staff" olmali......skipped
And EG last name  kutusundaki soy isim kayit olurken girilen "Emr" olmali...skipped
And EG email kutusundaki mail adresi  kayit olurken girilen "asdfghjk@gmail.com" olmali.skipped
And EG kullanici uygulamayi kapatir.........................................skipped

StackTrace:
io.cucumber.core.exception.CucumberException: Failed to instantiate class stepdefinitions.US_006
	at io.cucumber.core.backend.DefaultObjectFactory.cacheNewInstance(DefaultObjectFactory.java:67)
	at io.cucumber.core.backend.DefaultObjectFactory.getInstance(DefaultObjectFactory.java:45)
	at io.cucumber.java.AbstractGlueDefinition.invokeMethod(AbstractGlueDefinition.java:47)
	at io.cucumber.java.JavaStepDefinition.execute(JavaStepDefinition.java:29)
	at io.cucumber.core.runner.CoreStepDefinition.execute(CoreStepDefinition.java:66)
	at io.cucumber.core.runner.PickleStepDefinitionMatch.runStep(PickleStepDefinitionMatch.java:63)
	at io.cucumber.core.runner.ExecutionMode$1.execute(ExecutionMode.java:10)
	at io.cucumber.core.runner.TestStep.executeStep(TestStep.java:86)
	at io.cucumber.core.runner.TestStep.run(TestStep.java:57)
	at io.cucumber.core.runner.PickleStepTestStep.run(PickleStepTestStep.java:51)
	at io.cucumber.core.runner.TestCase.run(TestCase.java:95)
	at io.cucumber.core.runner.Runner.runPickle(Runner.java:75)
	at io.cucumber.junit.PickleRunners$NoStepDescriptions.lambda$run$0(PickleRunners.java:151)
	at io.cucumber.core.runtime.CucumberExecutionContext.lambda$runTestCase$3(CucumberExecutionContext.java:151)
	at io.cucumber.core.runtime.RethrowingThrowableCollector.executeAndThrow(RethrowingThrowableCollector.java:23)
	at io.cucumber.core.runtime.CucumberExecutionContext.runTestCase(CucumberExecutionContext.java:151)
	at io.cucumber.junit.PickleRunners$NoStepDescriptions.run(PickleRunners.java:148)
	at io.cucumber.junit.FeatureRunner.runChild(FeatureRunner.java:144)
	at io.cucumber.junit.FeatureRunner.runChild(FeatureRunner.java:28)
	at org.junit.runners.ParentRunner$4.run(ParentRunner.java:331)
	at org.junit.runners.ParentRunner$1.schedule(ParentRunner.java:79)
	at org.junit.runners.ParentRunner.runChildren(ParentRunner.java:329)
	at org.junit.runners.ParentRunner.access$100(ParentRunner.java:66)
	at org.junit.runners.ParentRunner$2.evaluate(ParentRunner.java:293)
	at org.junit.runners.ParentRunner$3.evaluate(ParentRunner.java:306)
	at org.junit.runners.ParentRunner.run(ParentRunner.java:413)
	at io.cucumber.junit.FeatureRunner.run(FeatureRunner.java:137)
	at io.cucumber.junit.Cucumber.runChild(Cucumber.java:196)
	at io.cucumber.junit.Cucumber.runChild(Cucumber.java:89)
	at org.junit.runners.ParentRunner$4.run(ParentRunner.java:331)
	at org.junit.runners.ParentRunner$1.schedule(ParentRunner.java:79)
	at org.junit.runners.ParentRunner.runChildren(ParentRunner.java:329)
	at org.junit.runners.ParentRunner.access$100(ParentRunner.java:66)
	at org.junit.runners.ParentRunner$2.evaluate(ParentRunner.java:293)
	at io.cucumber.junit.Cucumber$RunBeforeAllHooks.evaluate(Cucumber.java:266)
	at io.cucumber.junit.Cucumber$RunAfterAllHooks.evaluate(Cucumber.java:281)
	at io.cucumber.junit.Cucumber$StartTestRun.evaluate(Cucumber.java:233)
	at io.cucumber.junit.Cucumber$FinishTestRun.evaluate(Cucumber.java:248)
	at org.junit.runners.ParentRunner$3.evaluate(ParentRunner.java:306)
	at org.junit.runners.ParentRunner.run(ParentRunner.java:413)
	at org.junit.runner.JUnitCore.run(JUnitCore.java:137)
	at com.intellij.junit4.JUnit4IdeaTestRunner.startRunnerWithArgs(JUnit4IdeaTestRunner.java:69)
	at com.intellij.rt.junit.IdeaTestRunner$Repeater.startRunnerWithArgs(IdeaTestRunner.java:33)
	at com.intellij.rt.junit.JUnitStarter.prepareStreamsAndStart(JUnitStarter.java:221)
	at com.intellij.rt.junit.JUnitStarter.main(JUnitStarter.java:54)
Caused by: java.lang.reflect.InvocationTargetException
	at java.base/jdk.internal.reflect.NativeConstructorAccessorImpl.newInstance0(Native Method)
	at java.base/jdk.internal.reflect.NativeConstructorAccessorImpl.newInstance(NativeConstructorAccessorImpl.java:62)
	at java.base/jdk.internal.reflect.DelegatingConstructorAccessorImpl.newInstance(DelegatingConstructorAccessorImpl.java:45)
	at java.base/java.lang.reflect.Constructor.newInstance(Constructor.java:490)
	at io.cucumber.core.backend.DefaultObjectFactory.cacheNewInstance(DefaultObjectFactory.java:53)
	... 44 more
Caused by: org.openqa.selenium.WebDriverException: chrome not reachable
  (Session info: chrome=99.0.4844.84)
Build info: version: '4.1.1', revision: 'e8fcc2cecf'
System info: host: 'DESKTOP-3611VJ4', ip: '172.31.1.234', os.name: 'Windows 10', os.arch: 'amd64', os.version: '10.0', java.version: '11.0.10'
Driver info: org.openqa.selenium.chrome.ChromeDriver
Command: [33c1296bda4bde22e7457df9c51abf02, maximizeCurrentWindow {}]
Capabilities {acceptInsecureCerts: false, browserName: chrome, browserVersion: 99.0.4844.84, chrome: {chromedriverVersion: 99.0.4844.51 (d537ec02474b5..., userDataDir: C:\Temp\scoped_dir14480_158...}, goog:chromeOptions: {debuggerAddress: localhost:50386}, javascriptEnabled: true, networkConnectionEnabled: false, pageLoadStrategy: normal, platform: WINDOWS, platformName: WINDOWS, proxy: Proxy(), se:cdp: ws://localhost:50386/devtoo..., se:cdpVersion: 99.0.4844.84, setWindowRect: true, strictFileInteractability: false, timeouts: {implicit: 0, pageLoad: 300000, script: 30000}, unhandledPromptBehavior: dismiss and notify, webauthn:extension:credBlob: true, webauthn:extension:largeBlob: true, webauthn:virtualAuthenticators: true}
Session ID: 33c1296bda4bde22e7457df9c51abf02
	at java.base/jdk.internal.reflect.NativeConstructorAccessorImpl.newInstance0(Native Method)
	at java.base/jdk.internal.reflect.NativeConstructorAccessorImpl.newInstance(NativeConstructorAccessorImpl.java:62)
	at java.base/jdk.internal.reflect.DelegatingConstructorAccessorImpl.newInstance(DelegatingConstructorAccessorImpl.java:45)
	at java.base/java.lang.reflect.Constructor.newInstance(Constructor.java:490)
	at org.openqa.selenium.remote.codec.w3c.W3CHttpResponseCodec.createException(W3CHttpResponseCodec.java:200)
	at org.openqa.selenium.remote.codec.w3c.W3CHttpResponseCodec.decode(W3CHttpResponseCodec.java:133)
	at org.openqa.selenium.remote.codec.w3c.W3CHttpResponseCodec.decode(W3CHttpResponseCodec.java:53)
	at org.openqa.selenium.remote.HttpCommandExecutor.execute(HttpCommandExecutor.java:184)
	at org.openqa.selenium.remote.service.DriverCommandExecutor.invokeExecute(DriverCommandExecutor.java:167)
	at org.openqa.selenium.remote.service.DriverCommandExecutor.execute(DriverCommandExecutor.java:142)
	at org.openqa.selenium.remote.RemoteWebDriver.execute(RemoteWebDriver.java:543)
	at org.openqa.selenium.remote.RemoteWebDriver.execute(RemoteWebDriver.java:598)
	at org.openqa.selenium.remote.RemoteWebDriver.execute(RemoteWebDriver.java:602)
	at org.openqa.selenium.remote.RemoteWebDriver$RemoteWebDriverOptions$RemoteWindow.maximize(RemoteWebDriver.java:969)
	at utilities.Driver.getDriver(Driver.java:67)
	at pages.EmrePage.<init>(EmrePage.java:13)
	at stepdefinitions.US_006.<init>(US_006.java:11)
	... 49 more
]]>
        </failure>
    </testcase>
</testsuite>
